
****** PlanAhead v14.7
  **** Build 321239 by xbuild on Fri Sep 27 19:31:35 MDT 2013
    ** Copyright 1986-1999, 2001-2013 Xilinx, Inc. All Rights Reserved.

INFO: [Common 17-78] Attempting to get a license: PlanAhead
INFO: [Common 17-290] Got license for PlanAhead
INFO: [Device 21-36] Loading parts and site information from C:/Xilinx/14.7/ISE_DS/PlanAhead/data/parts/arch.xml
Parsing RTL primitives file [C:/Xilinx/14.7/ISE_DS/PlanAhead/data/parts/xilinx/rtl/prims/rtl_prims.xml]
Finished parsing RTL primitives file [C:/Xilinx/14.7/ISE_DS/PlanAhead/data/parts/xilinx/rtl/prims/rtl_prims.xml]
start_gui
source {C:/Documents and Settings/Melvin/Desktop/AUDIO CRACK/X_PROJECT/pa.fromHdl.tcl}
# create_project -name X_PROJECT -dir "C:/Documents and Settings/Melvin/Desktop/AUDIO CRACK/X_PROJECT/planAhead_run_3" -part xc6slx16csg324-3
create_project: Time (s): elapsed = 00:00:05 . Memory (MB): peak = 397.559 ; gain = 56.645
# set_param project.pinAheadLayout yes
# set srcset [get_property srcset [current_run -impl]]
# set_property target_constrs_file "TOP.ucf" [current_fileset -constrset]
Adding file 'C:/Documents and Settings/Melvin/Desktop/AUDIO CRACK/X_PROJECT/TOP.ucf' to fileset 'constrs_1'
# set hdlfile [add_files [list {sc_lut.v}]]
# set_property file_type Verilog $hdlfile
# set_property library work $hdlfile
# set hdlfile [add_files [list {sine.v}]]
# set_property file_type Verilog $hdlfile
# set_property library work $hdlfile
# set hdlfile [add_files [list {clkgen.v}]]
# set_property file_type Verilog $hdlfile
# set_property library work $hdlfile
# set hdlfile [add_files [list {SHIFT_III.v}]]
# set_property file_type Verilog $hdlfile
# set_property library work $hdlfile
# set hdlfile [add_files [list {i2s_out.v}]]
# set_property file_type Verilog $hdlfile
# set_property library work $hdlfile
# set hdlfile [add_files [list {audiogen.v}]]
# set_property file_type Verilog $hdlfile
# set_property library work $hdlfile
# set hdlfile [add_files [list {SEVEN_SEG.v}]]
# set_property file_type Verilog $hdlfile
# set_property library work $hdlfile
# set hdlfile [add_files [list {i2s_tst.v}]]
# set_property file_type Verilog $hdlfile
# set_property library work $hdlfile
# set hdlfile [add_files [list {CLOCK_50MHz.v}]]
# set_property file_type Verilog $hdlfile
# set_property library work $hdlfile
# set hdlfile [add_files [list {BIN_TO_BCD.v}]]
# set_property file_type Verilog $hdlfile
# set_property library work $hdlfile
# set hdlfile [add_files [list {WRITE_NOTE.v}]]
# set_property file_type Verilog $hdlfile
# set_property library work $hdlfile
# set hdlfile [add_files [list {VIDEO.v}]]
# set_property file_type Verilog $hdlfile
# set_property library work $hdlfile
# set hdlfile [add_files [list {READ_NOTE.v}]]
# set_property file_type Verilog $hdlfile
# set_property library work $hdlfile
# set hdlfile [add_files [list {RAM.v}]]
# set_property file_type Verilog $hdlfile
# set_property library work $hdlfile
# set hdlfile [add_files [list {FSM_CONTROL.v}]]
# set_property file_type Verilog $hdlfile
# set_property library work $hdlfile
# set hdlfile [add_files [list {DEBOUNCE.v}]]
# set_property file_type Verilog $hdlfile
# set_property library work $hdlfile
# set hdlfile [add_files [list {CLOCK_DIVISOR.v}]]
# set_property file_type Verilog $hdlfile
# set_property library work $hdlfile
# set hdlfile [add_files [list {AUDIO.v}]]
# set_property file_type Verilog $hdlfile
# set_property library work $hdlfile
# set hdlfile [add_files [list {TOP.v}]]
# set_property file_type Verilog $hdlfile
# set_property library work $hdlfile
# set_property top TOP $srcset
# add_files [list {TOP.ucf}] -fileset [get_property constrset [current_run]]
# open_rtl_design -part xc6slx16csg324-3
Using Verific elaboration
Parsing VHDL file "C:/Xilinx/14.7/ISE_DS/PlanAhead/data/parts/xilinx/rtl/lib/synplify/synattr.vhd" into library synplify
Analyzing Verilog file "C:/Documents and Settings/Melvin/Desktop/AUDIO CRACK/X_PROJECT/sc_lut.v" into library work
Parsing verilog file "sc_lut_init.v" included at line 32. [C:/Documents and Settings/Melvin/Desktop/AUDIO CRACK/X_PROJECT/sc_lut.v:32]
Analyzing Verilog file "C:/Documents and Settings/Melvin/Desktop/AUDIO CRACK/X_PROJECT/sine.v" into library work
Analyzing Verilog file "C:/Documents and Settings/Melvin/Desktop/AUDIO CRACK/X_PROJECT/clkgen.v" into library work
Analyzing Verilog file "C:/Documents and Settings/Melvin/Desktop/AUDIO CRACK/X_PROJECT/SHIFT_III.v" into library work
Analyzing Verilog file "C:/Documents and Settings/Melvin/Desktop/AUDIO CRACK/X_PROJECT/i2s_out.v" into library work
Analyzing Verilog file "C:/Documents and Settings/Melvin/Desktop/AUDIO CRACK/X_PROJECT/audiogen.v" into library work
Analyzing Verilog file "C:/Documents and Settings/Melvin/Desktop/AUDIO CRACK/X_PROJECT/SEVEN_SEG.v" into library work
Analyzing Verilog file "C:/Documents and Settings/Melvin/Desktop/AUDIO CRACK/X_PROJECT/i2s_tst.v" into library work
Analyzing Verilog file "C:/Documents and Settings/Melvin/Desktop/AUDIO CRACK/X_PROJECT/CLOCK_50MHz.v" into library work
Analyzing Verilog file "C:/Documents and Settings/Melvin/Desktop/AUDIO CRACK/X_PROJECT/BIN_TO_BCD.v" into library work
Analyzing Verilog file "C:/Documents and Settings/Melvin/Desktop/AUDIO CRACK/X_PROJECT/WRITE_NOTE.v" into library work
Analyzing Verilog file "C:/Documents and Settings/Melvin/Desktop/AUDIO CRACK/X_PROJECT/VIDEO.v" into library work
Analyzing Verilog file "C:/Documents and Settings/Melvin/Desktop/AUDIO CRACK/X_PROJECT/READ_NOTE.v" into library work
Analyzing Verilog file "C:/Documents and Settings/Melvin/Desktop/AUDIO CRACK/X_PROJECT/RAM.v" into library work
Analyzing Verilog file "C:/Documents and Settings/Melvin/Desktop/AUDIO CRACK/X_PROJECT/FSM_CONTROL.v" into library work
Analyzing Verilog file "C:/Documents and Settings/Melvin/Desktop/AUDIO CRACK/X_PROJECT/DEBOUNCE.v" into library work
Analyzing Verilog file "C:/Documents and Settings/Melvin/Desktop/AUDIO CRACK/X_PROJECT/CLOCK_DIVISOR.v" into library work
Analyzing Verilog file "C:/Documents and Settings/Melvin/Desktop/AUDIO CRACK/X_PROJECT/AUDIO.v" into library work
Analyzing Verilog file "C:/Documents and Settings/Melvin/Desktop/AUDIO CRACK/X_PROJECT/TOP.v" into library work
Loading clock regions from C:/Xilinx/14.7/ISE_DS/PlanAhead/data\parts/xilinx/spartan6/spartan6lx/xc6slx16/ClockRegion.xml
Loading clock buffers from C:/Xilinx/14.7/ISE_DS/PlanAhead/data\parts/xilinx/spartan6/spartan6lx/xc6slx16/ClockBuffers.xml
Loading package pin functions from C:/Xilinx/14.7/ISE_DS/PlanAhead/data\parts/xilinx/spartan6/PinFunctions.xml...
Loading package from C:/Xilinx/14.7/ISE_DS/PlanAhead/data\parts/xilinx/spartan6/spartan6lx/xc6slx16/csg324/Package.xml
Loading io standards from C:/Xilinx/14.7/ISE_DS/PlanAhead/data\./parts/xilinx/spartan6/IOStandards.xml
Loading device configuration modes from C:/Xilinx/14.7/ISE_DS/PlanAhead/data\parts/xilinx/spartan6/ConfigModes.xml
Loading list of drcs for the architecture : C:/Xilinx/14.7/ISE_DS/PlanAhead/data\./parts/xilinx/spartan6/drc.xml
Parsing UCF File [C:/Documents and Settings/Melvin/Desktop/AUDIO CRACK/X_PROJECT/TOP.ucf]
Finished Parsing UCF File [C:/Documents and Settings/Melvin/Desktop/AUDIO CRACK/X_PROJECT/TOP.ucf]
INFO: [Project 1-111] Unisim Transformation Summary:
No Unisim elements were transformed.

Phase 0 | Netlist Checksum: 86252ac9
open_rtl_design: Time (s): elapsed = 00:00:13 . Memory (MB): peak = 508.293 ; gain = 92.879
update_compile_order -fileset sim_1
exit
ERROR: [Common 17-39] 'stop_gui' failed due to earlier errors.
INFO: [Common 17-206] Exiting PlanAhead at Thu Oct 30 20:29:42 2014...
INFO: [Common 17-83] Releasing license: PlanAhead
